2016-06-14 05:24:18 INFO ibdgtnqgeqwmwipvforaibgpvxbfrvceaotmqcrrwyaunmjfegtpautsoutladqtkkuaghekxubriosguuvrmolalkbcxmqyocnvpqprwhbmgcbyaslpgaubsyctbyfp

2016-06-14 05:24:18 INFO ibdgtnqgeqwmwipvforaibgpvxbfrvceaotmqcrrwyaunmjfegtpautsoutladqtkkuaghekxubriosguuvrmolalkbcxmqyocnvpqprwhbmgcbyaslpgaubsyctbyfp
					mbgrsxcoqvbxuddjorgoedstitcvaalatginwoiioxmqnjunwsdoulobwgodjpinarardawtueojexajreglbandhcybspjadfou
					wbucqufddfpiiegfbwkohysegecaimyrhhhslicwudtltmbqhaijkdfskpistonpbgsushveolqtpjqf

2016-06-14 05:24:18 FINE ibdgtnqgeqwmwipvforaibgpvxbfrvceaotmqcrrwyaunmjfegtpautsoutladqtkkuaghekxubriosguuvrmolalkbcxmqyocnvpqprwhbmgcbyaslpgaubsyctbyfp
					mbgrsxcoqvbxuddjorgoedstitcvaalatginwoiioxmqnjunwsdoulobwgodjpinarardawtueojexajreglbandhcybspjadfou

2016-06-14 05:24:18 FINE ibdgtnqgeqwmwipvforaibgpvxbfrvceaotmqcrrwyaunmjfegtpautsoutladqtkkuaghekxubriosguuvrmolalkbcxmqyocnvpqprwhbmgcbyaslpgaubsyctbyfp

2016-06-14 05:24:18 FINE ibdgtnqgeqwmwipvforaibgpvxbfrvceaotmqcrrwyaunmjfegtpautsoutladqtkkuaghekxubriosguuvrmolalkbcxmqyocnvpqprwhbmgcbyaslpgaubsyctbyfp

2016-06-14 05:24:18 FINE ibdgtnqgeqwmwipvforaibgpvxbfrvceaotmqcrrwyaunmjfegtpautsoutladqtkkuaghekxubriosguuvrmolalkbcxmqyocnvpqprwhbmgcbyaslpgaubsyctbyfp

2016-06-14 05:24:18 INFO ibdgtnqgeqwmwipvforaibgpvxbfrvceaotmqcrrwyaunmjfegtpautsoutladqtkkuaghekxubriosguuvrmolalkbcxmqyocnvpqprwhbmgcbyaslpgaubsyctbyfp
					mbgrsxcoqvbxuddjorgoedstitcvaalatginwoiioxmqnjunwsdoulobwgodjpinarardawtueojexajreglbandhcybspjadfou
					wbucqufddfpiiegfbwkohysegecaimyrhhhslicwudtltmbqhaijkdfskpistonpbgsushveolqtpjqf

2016-06-14 05:24:18 FINE ibdgtnqgeqwmwipvforaibgpvxbfrvceaotmqcrrwyaunmjfegtpautsoutladqtkkuaghekxubriosguuvrmolalkbcxmqyocnvpqprwhbmgcbyaslpgaubsyctbyfp

2016-06-14 05:24:18 INFO ibdgtnqgeqwmwipvforaibgpvxbfrvceaotmqcrrwyaunmjfegtpautsoutladqtkkuaghekxubriosguuvrmolalkbcxmqyocnvpqprwhbmgcbyaslpgaubsyctbyfp

2016-06-14 05:24:18 FINE ibdgtnqgeqwmwipvforaibgpvxbfrvceaotmqcrrwyaunmjfegtpautsoutladqtkkuaghekxubriosguuvrmolalkbcxmqyocnvpqprwhbmgcbyaslpgaubsyctbyfp

2016-06-14 05:24:18 FINE ibdgtnqgeqwmwipvforaibgpvxbfrvceaotmqcrrwyaunmjfegtpautsoutladqtkkuaghekxubriosguuvrmolalkbcxmqyocnvpqprwhbmgcbyaslpgaubsyctbyfp

2016-06-14 05:24:19 INFO ibdgtnqgeqwmwipvforaibgpvxbfrvceaotmqcrrwyaunmjfegtpautsoutladqtkkuaghekxubriosguuvrmolalkbcxmqyocnvpqprwhbmgcbyaslpgaubsyctbyfp

2016-06-14 05:24:19 FINE ibdgtnqgeqwmwipvforaibgpvxbfrvceaotmqcrrwyaunmjfegtpautsoutladqtkkuaghekxubriosguuvrmolalkbcxmqyocnvpqprwhbmgcbyaslpgaubsyctbyfp

2016-06-14 05:24:19 SEVERE ibdgtnqgeqwmwipvforaibgpvxbfrvceaotmqcrrwyaunmjfegtpautsoutladqtkkuaghekxubriosguuvrmolalkbcxmqyocnvpqprwhbmgcbyaslpgaubsyctbyfp

2016-06-14 05:24:19 SEVERE ibdgtnqgeqwmwipvforaibgpvxbfrvceaotmqcrrwyaunmjfegtpautsoutladqtkkuaghekxubriosguuvrmolalkbcxmqyocnvpqprwhbmgcbyaslpgaubsyctbyfp

2016-06-14 05:24:19 SEVERE ibdgtnqgeqwmwipvforaibgpvxbfrvceaotmqcrrwyaunmjfegtpautsoutladqtkkuaghekxubriosguuvrmolalkbcxmqyocnvpqprwhbmgcbyaslpgaubsyctbyfp
					mbgrsxcoqvbxuddjorgoedstitcvaalatginwoiioxmqnjunwsdoulobwgodjpinarardawtueojexajreglbandhcybspjadfou

2016-06-14 05:24:19 INFO ibdgtnqgeqwmwipvforaibgpvxbfrvceaotmqcrrwyaunmjfegtpautsoutladqtkkuaghekxubriosguuvrmolalkbcxmqyocnvpqprwhbmgcbyaslpgaubsyctbyfp

2016-06-14 05:24:19 FINE ibdgtnqgeqwmwipvforaibgpvxbfrvceaotmqcrrwyaunmjfegtpautsoutladqtkkuaghekxubriosguuvrmolalkbcxmqyocnvpqprwhbmgcbyaslpgaubsyctbyfp
					mbgrsxcoqvbxuddjorgoedstitcvaalatginwoiioxmqnjunwsdoulobwgodjpinarardawtueojexajreglbandhcybspjadfou

2016-06-14 05:24:19 SEVERE ibdgtnqgeqwmwipvforaibgpvxbfrvceaotmqcrrwyaunmjfegtpautsoutladqtkkuaghekxubriosguuvrmolalkbcxmqyocnvpqprwhbmgcbyaslpgaubsyctbyfp

2016-06-14 05:24:19 INFO ibdgtnqgeqwmwipvforaibgpvxbfrvceaotmqcrrwyaunmjfegtpautsoutladqtkkuaghekxubriosguuvrmolalkbcxmqyocnvpqprwhbmgcbyaslpgaubsyctbyfp

2016-06-14 05:24:19 SEVERE ibdgtnqgeqwmwipvforaibgpvxbfrvceaotmqcrrwyaunmjfegtpautsoutladqtkkuaghekxubriosguuvrmolalkbcxmqyocnvpqprwhbmgcbyaslpgaubsyctbyfp

2016-06-14 05:24:19 SEVERE ibdgtnqgeqwmwipvforaibgpvxbfrvceaotmqcrrwyaunmjfegtpautsoutladqtkkuaghekxubriosguuvrmolalkbcxmqyocnvpqprwhbmgcbyaslpgaubsyctbyfp

2016-06-14 05:24:19 SEVERE ibdgtnqgeqwmwipvforaibgpvxbfrvceaotmqcrrwyaunmjfegtpautsoutladqtkkuaghekxubriosguuvrmolalkbcxmqyocnvpqprwhbmgcbyaslpgaubsyctbyfp

2016-06-14 05:24:19 FINE ibdgtnqgeqwmwipvforaibgpvxbfrvceaotmqcrrwyaunmjfegtpautsoutladqtkkuaghekxubriosguuvrmolalkbcxmqyocnvpqprwhbmgcbyaslpgaubsyctbyfp

2016-06-14 05:24:19 FINE ibdgtnqgeqwmwipvforaibgpvxbfrvceaotmqcrrwyaunmjfegtpautsoutladqtkkuaghekxubriosguuvrmolalkbcxmqyocnvpqprwhbmgcbyaslpgaubsyctbyfp

2016-06-14 05:24:19 FINE ibdgtnqgeqwmwipvforaibgpvxbfrvceaotmqcrrwyaunmjfegtpautsoutladqtkkuaghekxubriosguuvrmolalkbcxmqyocnvpqprwhbmgcbyaslpgaubsyctbyfp

2016-06-14 05:24:19 FINE ibdgtnqgeqwmwipvforaibgpvxbfrvceaotmqcrrwyaunmjfegtpautsoutladqtkkuaghekxubriosguuvrmolalkbcxmqyocnvpqprwhbmgcbyaslpgaubsyctbyfp

2016-06-14 05:24:19 SEVERE ibdgtnqgeqwmwipvforaibgpvxbfrvceaotmqcrrwyaunmjfegtpautsoutladqtkkuaghekxubriosguuvrmolalkbcxmqyocnvpqprwhbmgcbyaslpgaubsyctbyfp
					mbgrsxcoqvbxuddjorgoedstitcvaalatginwoiioxmqnjunwsdoulobwgodjpinarardawtueojexajreglbandhcybspjadfou

2016-06-14 05:24:20 INFO ibdgtnqgeqwmwipvforaibgpvxbfrvceaotmqcrrwyaunmjfegtpautsoutladqtkkuaghekxubriosguuvrmolalkbcxmqyocnvpqprwhbmgcbyaslpgaubsyctbyfp
					mbgrsxcoqvbxuddjorgoedstitcvaalatginwoiioxmqnjunwsdoulobwgodjpinarardawtueojexajreglbandhcybspjadfou

2016-06-14 05:24:20 INFO ibdgtnqgeqwmwipvforaibgpvxbfrvceaotmqcrrwyaunmjfegtpautsoutladqtkkuaghekxubriosguuvrmolalkbcxmqyocnvpqprwhbmgcbyaslpgaubsyctbyfp
					mbgrsxcoqvbxuddjorgoedstitcvaalatginwoiioxmqnjunwsdoulobwgodjpinarardawtueojexajreglbandhcybspjadfou

2016-06-14 05:24:20 FINE ibdgtnqgeqwmwipvforaibgpvxbfrvceaotmqcrrwyaunmjfegtpautsoutladqtkkuaghekxubriosguuvrmolalkbcxmqyocnvpqprwhbmgcbyaslpgaubsyctbyfp

2016-06-14 05:24:20 SEVERE ibdgtnqgeqwmwipvforaibgpvxbfrvceaotmqcrrwyaunmjfegtpautsoutladqtkkuaghekxubriosguuvrmolalkbcxmqyocnvpqprwhbmgcbyaslpgaubsyctbyfp

2016-06-14 05:24:20 SEVERE ibdgtnqgeqwmwipvforaibgpvxbfrvceaotmqcrrwyaunmjfegtpautsoutladqtkkuaghekxubriosguuvrmolalkbcxmqyocnvpqprwhbmgcbyaslpgaubsyctbyfp

2016-06-14 05:24:20 FINE ibdgtnqgeqwmwipvforaibgpvxbfrvceaotmqcrrwyaunmjfegtpautsoutladqtkkuaghekxubriosguuvrmolalkbcxmqyocnvpqprwhbmgcbyaslpgaubsyctbyfp

2016-06-14 05:24:20 FINE ibdgtnqgeqwmwipvforaibgpvxbfrvceaotmqcrrwyaunmjfegtpautsoutladqtkkuaghekxubriosguuvrmolalkbcxmqyocnvpqprwhbmgcbyaslpgaubsyctbyfp

2016-06-14 05:24:20 INFO ibdgtnqgeqwmwipvforaibgpvxbfrvceaotmqcrrwyaunmjfegtpautsoutladqtkkuaghekxubriosguuvrmolalkbcxmqyocnvpqprwhbmgcbyaslpgaubsyctbyfp

2016-06-14 05:24:20 SEVERE ibdgtnqgeqwmwipvforaibgpvxbfrvceaotmqcrrwyaunmjfegtpautsoutladqtkkuaghekxubriosguuvrmolalkbcxmqyocnvpqprwhbmgcbyaslpgaubsyctbyfp

2016-06-14 05:24:20 FINE ibdgtnqgeqwmwipvforaibgpvxbfrvceaotmqcrrwyaunmjfegtpautsoutladqtkkuaghekxubriosguuvrmolalkbcxmqyocnvpqprwhbmgcbyaslpgaubsyctbyfp

2016-06-14 05:24:20 FINE ibdgtnqgeqwmwipvforaibgpvxbfrvceaotmqcrrwyaunmjfegtpautsoutladqtkkuaghekxubriosguuvrmolalkbcxmqyocnvpqprwhbmgcbyaslpgaubsyctbyfp

2016-06-14 05:24:20 INFO ibdgtnqgeqwmwipvforaibgpvxbfrvceaotmqcrrwyaunmjfegtpautsoutladqtkkuaghekxubriosguuvrmolalkbcxmqyocnvpqprwhbmgcbyaslpgaubsyctbyfp
					mbgrsxcoqvbxuddjorgoedstitcvaalatginwoiioxmqnjunwsdoulobwgodjpinarardawtueojexajreglbandhcybspjadfou

2016-06-14 05:24:20 SEVERE ibdgtnqgeqwmwipvforaibgpvxbfrvceaotmqcrrwyaunmjfegtpautsoutladqtkkuaghekxubriosguuvrmolalkbcxmqyocnvpqprwhbmgcbyaslpgaubsyctbyfp

2016-06-14 05:24:20 SEVERE ibdgtnqgeqwmwipvforaibgpvxbfrvceaotmqcrrwyaunmjfegtpautsoutladqtkkuaghekxubriosguuvrmolalkbcxmqyocnvpqprwhbmgcbyaslpgaubsyctbyfp

2016-06-14 05:24:20 SEVERE ibdgtnqgeqwmwipvforaibgpvxbfrvceaotmqcrrwyaunmjfegtpautsoutladqtkkuaghekxubriosguuvrmolalkbcxmqyocnvpqprwhbmgcbyaslpgaubsyctbyfp

2016-06-14 05:24:20 SEVERE ibdgtnqgeqwmwipvforaibgpvxbfrvceaotmqcrrwyaunmjfegtpautsoutladqtkkuaghekxubriosguuvrmolalkbcxmqyocnvpqprwhbmgcbyaslpgaubsyctbyfp

2016-06-14 05:24:21 SEVERE ibdgtnqgeqwmwipvforaibgpvxbfrvceaotmqcrrwyaunmjfegtpautsoutladqtkkuaghekxubriosguuvrmolalkbcxmqyocnvpqprwhbmgcbyaslpgaubsyctbyfp

2016-06-14 05:24:21 INFO ibdgtnqgeqwmwipvforaibgpvxbfrvceaotmqcrrwyaunmjfegtpautsoutladqtkkuaghekxubriosguuvrmolalkbcxmqyocnvpqprwhbmgcbyaslpgaubsyctbyfp

2016-06-14 05:24:21 SEVERE ibdgtnqgeqwmwipvforaibgpvxbfrvceaotmqcrrwyaunmjfegtpautsoutladqtkkuaghekxubriosguuvrmolalkbcxmqyocnvpqprwhbmgcbyaslpgaubsyctbyfp

2016-06-14 05:24:21 SEVERE ibdgtnqgeqwmwipvforaibgpvxbfrvceaotmqcrrwyaunmjfegtpautsoutladqtkkuaghekxubriosguuvrmolalkbcxmqyocnvpqprwhbmgcbyaslpgaubsyctbyfp

2016-06-14 05:24:21 SEVERE ibdgtnqgeqwmwipvforaibgpvxbfrvceaotmqcrrwyaunmjfegtpautsoutladqtkkuaghekxubriosguuvrmolalkbcxmqyocnvpqprwhbmgcbyaslpgaubsyctbyfp
					mbgrsxcoqvbxuddjorgoedstitcvaalatginwoiioxmqnjunwsdoulobwgodjpinarardawtueojexajreglbandhcybspjadfou

2016-06-14 05:24:21 INFO ibdgtnqgeqwmwipvforaibgpvxbfrvceaotmqcrrwyaunmjfegtpautsoutladqtkkuaghekxubriosguuvrmolalkbcxmqyocnvpqprwhbmgcbyaslpgaubsyctbyfp

2016-06-14 05:24:21 SEVERE ibdgtnqgeqwmwipvforaibgpvxbfrvceaotmqcrrwyaunmjfegtpautsoutladqtkkuaghekxubriosguuvrmolalkbcxmqyocnvpqprwhbmgcbyaslpgaubsyctbyfp

2016-06-14 05:24:21 FINE ibdgtnqgeqwmwipvforaibgpvxbfrvceaotmqcrrwyaunmjfegtpautsoutladqtkkuaghekxubriosguuvrmolalkbcxmqyocnvpqprwhbmgcbyaslpgaubsyctbyfp

2016-06-14 05:24:21 SEVERE ibdgtnqgeqwmwipvforaibgpvxbfrvceaotmqcrrwyaunmjfegtpautsoutladqtkkuaghekxubriosguuvrmolalkbcxmqyocnvpqprwhbmgcbyaslpgaubsyctbyfp

2016-06-14 05:24:21 FINE ibdgtnqgeqwmwipvforaibgpvxbfrvceaotmqcrrwyaunmjfegtpautsoutladqtkkuaghekxubriosguuvrmolalkbcxmqyocnvpqprwhbmgcbyaslpgaubsyctbyfp
					mbgrsxcoqvbxuddjorgoedstitcvaalatginwoiioxmqnjunwsdoulobwgodjpinarardawtueojexajreglbandhcybspjadfou

2016-06-14 05:24:21 FINE ibdgtnqgeqwmwipvforaibgpvxbfrvceaotmqcrrwyaunmjfegtpautsoutladqtkkuaghekxubriosguuvrmolalkbcxmqyocnvpqprwhbmgcbyaslpgaubsyctbyfp
					mbgrsxcoqvbxuddjorgoedstitcvaalatginwoiioxmqnjunwsdoulobwgodjpinarardawtueojexajreglbandhcybspjadfou

2016-06-14 05:24:21 SEVERE ibdgtnqgeqwmwipvforaibgpvxbfrvceaotmqcrrwyaunmjfegtpautsoutladqtkkuaghekxubriosguuvrmolalkbcxmqyocnvpqprwhbmgcbyaslpgaubsyctbyfp
					mbgrsxcoqvbxuddjorgoedstitcvaalatginwoiioxmqnjunwsdoulobwgodjpinarardawtueojexajreglbandhcybspjadfou

2016-06-14 05:24:21 SEVERE ibdgtnqgeqwmwipvforaibgpvxbfrvceaotmqcrrwyaunmjfegtpautsoutladqtkkuaghekxubriosguuvrmolalkbcxmqyocnvpqprwhbmgcbyaslpgaubsyctbyfp

2016-06-14 05:24:21 FINE ibdgtnqgeqwmwipvforaibgpvxbfrvceaotmqcrrwyaunmjfegtpautsoutladqtkkuaghekxubriosguuvrmolalkbcxmqyocnvpqprwhbmgcbyaslpgaubsyctbyfp

2016-06-14 05:24:21 INFO ibdgtnqgeqwmwipvforaibgpvxbfrvceaotmqcrrwyaunmjfegtpautsoutladqtkkuaghekxubriosguuvrmolalkbcxmqyocnvpqprwhbmgcbyaslpgaubsyctbyfp

2016-06-14 05:24:21 SEVERE ibdgtnqgeqwmwipvforaibgpvxbfrvceaotmqcrrwyaunmjfegtpautsoutladqtkkuaghekxubriosguuvrmolalkbcxmqyocnvpqprwhbmgcbyaslpgaubsyctbyfp

2016-06-14 05:24:21 INFO ibdgtnqgeqwmwipvforaibgpvxbfrvceaotmqcrrwyaunmjfegtpautsoutladqtkkuaghekxubriosguuvrmolalkbcxmqyocnvpqprwhbmgcbyaslpgaubsyctbyfp

2016-06-14 05:24:22 FINE ibdgtnqgeqwmwipvforaibgpvxbfrvceaotmqcrrwyaunmjfegtpautsoutladqtkkuaghekxubriosguuvrmolalkbcxmqyocnvpqprwhbmgcbyaslpgaubsyctbyfp

2016-06-14 05:24:22 FINE ibdgtnqgeqwmwipvforaibgpvxbfrvceaotmqcrrwyaunmjfegtpautsoutladqtkkuaghekxubriosguuvrmolalkbcxmqyocnvpqprwhbmgcbyaslpgaubsyctbyfp

2016-06-14 05:24:22 INFO ibdgtnqgeqwmwipvforaibgpvxbfrvceaotmqcrrwyaunmjfegtpautsoutladqtkkuaghekxubriosguuvrmolalkbcxmqyocnvpqprwhbmgcbyaslpgaubsyctbyfp

2016-06-14 05:24:22 SEVERE ibdgtnqgeqwmwipvforaibgpvxbfrvceaotmqcrrwyaunmjfegtpautsoutladqtkkuaghekxubriosguuvrmolalkbcxmqyocnvpqprwhbmgcbyaslpgaubsyctbyfp
					mbgrsxcoqvbxuddjorgoedstitcvaalatginwoiioxmqnjunwsdoulobwgodjpinarardawtueojexajreglbandhcybspjadfou

2016-06-14 05:24:22 SEVERE ibdgtnqgeqwmwipvforaibgpvxbfrvceaotmqcrrwyaunmjfegtpautsoutladqtkkuaghekxubriosguuvrmolalkbcxmqyocnvpqprwhbmgcbyaslpgaubsyctbyfp

2016-06-14 05:24:22 INFO ibdgtnqgeqwmwipvforaibgpvxbfrvceaotmqcrrwyaunmjfegtpautsoutladqtkkuaghekxubriosguuvrmolalkbcxmqyocnvpqprwhbmgcbyaslpgaubsyctbyfp
					mbgrsxcoqvbxuddjorgoedstitcvaalatginwoiioxmqnjunwsdoulobwgodjpinarardawtueojexajreglbandhcybspjadfou
					wbucqufddfpiiegfbwkohysegecaimyrhhhslicwudtltmbqhaijkdfskpistonpbgsushveolqtpjqf

2016-06-14 05:24:22 INFO ibdgtnqgeqwmwipvforaibgpvxbfrvceaotmqcrrwyaunmjfegtpautsoutladqtkkuaghekxubriosguuvrmolalkbcxmqyocnvpqprwhbmgcbyaslpgaubsyctbyfp

2016-06-14 05:24:22 INFO ibdgtnqgeqwmwipvforaibgpvxbfrvceaotmqcrrwyaunmjfegtpautsoutladqtkkuaghekxubriosguuvrmolalkbcxmqyocnvpqprwhbmgcbyaslpgaubsyctbyfp

2016-06-14 05:24:22 FINE ibdgtnqgeqwmwipvforaibgpvxbfrvceaotmqcrrwyaunmjfegtpautsoutladqtkkuaghekxubriosguuvrmolalkbcxmqyocnvpqprwhbmgcbyaslpgaubsyctbyfp

2016-06-14 05:24:22 FINE ibdgtnqgeqwmwipvforaibgpvxbfrvceaotmqcrrwyaunmjfegtpautsoutladqtkkuaghekxubriosguuvrmolalkbcxmqyocnvpqprwhbmgcbyaslpgaubsyctbyfp

2016-06-14 05:24:22 FINE ibdgtnqgeqwmwipvforaibgpvxbfrvceaotmqcrrwyaunmjfegtpautsoutladqtkkuaghekxubriosguuvrmolalkbcxmqyocnvpqprwhbmgcbyaslpgaubsyctbyfp

2016-06-14 05:24:22 FINE ibdgtnqgeqwmwipvforaibgpvxbfrvceaotmqcrrwyaunmjfegtpautsoutladqtkkuaghekxubriosguuvrmolalkbcxmqyocnvpqprwhbmgcbyaslpgaubsyctbyfp

2016-06-14 05:24:22 INFO ibdgtnqgeqwmwipvforaibgpvxbfrvceaotmqcrrwyaunmjfegtpautsoutladqtkkuaghekxubriosguuvrmolalkbcxmqyocnvpqprwhbmgcbyaslpgaubsyctbyfp
					mbgrsxcoqvbxuddjorgoedstitcvaalatginwoiioxmqnjunwsdoulobwgodjpinarardawtueojexajreglbandhcybspjadfou

2016-06-14 05:24:22 INFO ibdgtnqgeqwmwipvforaibgpvxbfrvceaotmqcrrwyaunmjfegtpautsoutladqtkkuaghekxubriosguuvrmolalkbcxmqyocnvpqprwhbmgcbyaslpgaubsyctbyfp
					mbgrsxcoqvbxuddjorgoedstitcvaalatginwoiioxmqnjunwsdoulobwgodjpinarardawtueojexajreglbandhcybspjadfou
					wbucqufddfpiiegfbwkohysegecaimyrhhhslicwudtltmbqhaijkdfskpistonpbgsushveolqtpjqf

2016-06-14 05:24:22 INFO ibdgtnqgeqwmwipvforaibgpvxbfrvceaotmqcrrwyaunmjfegtpautsoutladqtkkuaghekxubriosguuvrmolalkbcxmqyocnvpqprwhbmgcbyaslpgaubsyctbyfp

2016-06-14 05:24:22 INFO ibdgtnqgeqwmwipvforaibgpvxbfrvceaotmqcrrwyaunmjfegtpautsoutladqtkkuaghekxubriosguuvrmolalkbcxmqyocnvpqprwhbmgcbyaslpgaubsyctbyfp

2016-06-14 05:24:22 SEVERE ibdgtnqgeqwmwipvforaibgpvxbfrvceaotmqcrrwyaunmjfegtpautsoutladqtkkuaghekxubriosguuvrmolalkbcxmqyocnvpqprwhbmgcbyaslpgaubsyctbyfp

2016-06-14 05:24:23 FINE ibdgtnqgeqwmwipvforaibgpvxbfrvceaotmqcrrwyaunmjfegtpautsoutladqtkkuaghekxubriosguuvrmolalkbcxmqyocnvpqprwhbmgcbyaslpgaubsyctbyfp

2016-06-14 05:24:23 FINE ibdgtnqgeqwmwipvforaibgpvxbfrvceaotmqcrrwyaunmjfegtpautsoutladqtkkuaghekxubriosguuvrmolalkbcxmqyocnvpqprwhbmgcbyaslpgaubsyctbyfp

2016-06-14 05:24:23 INFO ibdgtnqgeqwmwipvforaibgpvxbfrvceaotmqcrrwyaunmjfegtpautsoutladqtkkuaghekxubriosguuvrmolalkbcxmqyocnvpqprwhbmgcbyaslpgaubsyctbyfp

2016-06-14 05:24:23 SEVERE ibdgtnqgeqwmwipvforaibgpvxbfrvceaotmqcrrwyaunmjfegtpautsoutladqtkkuaghekxubriosguuvrmolalkbcxmqyocnvpqprwhbmgcbyaslpgaubsyctbyfp

2016-06-14 05:24:23 SEVERE ibdgtnqgeqwmwipvforaibgpvxbfrvceaotmqcrrwyaunmjfegtpautsoutladqtkkuaghekxubriosguuvrmolalkbcxmqyocnvpqprwhbmgcbyaslpgaubsyctbyfp

2016-06-14 05:24:23 INFO ibdgtnqgeqwmwipvforaibgpvxbfrvceaotmqcrrwyaunmjfegtpautsoutladqtkkuaghekxubriosguuvrmolalkbcxmqyocnvpqprwhbmgcbyaslpgaubsyctbyfp

2016-06-14 05:24:23 INFO ibdgtnqgeqwmwipvforaibgpvxbfrvceaotmqcrrwyaunmjfegtpautsoutladqtkkuaghekxubriosguuvrmolalkbcxmqyocnvpqprwhbmgcbyaslpgaubsyctbyfp

2016-06-14 05:24:23 SEVERE ibdgtnqgeqwmwipvforaibgpvxbfrvceaotmqcrrwyaunmjfegtpautsoutladqtkkuaghekxubriosguuvrmolalkbcxmqyocnvpqprwhbmgcbyaslpgaubsyctbyfp

2016-06-14 05:24:23 SEVERE ibdgtnqgeqwmwipvforaibgpvxbfrvceaotmqcrrwyaunmjfegtpautsoutladqtkkuaghekxubriosguuvrmolalkbcxmqyocnvpqprwhbmgcbyaslpgaubsyctbyfp
					mbgrsxcoqvbxuddjorgoedstitcvaalatginwoiioxmqnjunwsdoulobwgodjpinarardawtueojexajreglbandhcybspjadfou

2016-06-14 05:24:23 FINE ibdgtnqgeqwmwipvforaibgpvxbfrvceaotmqcrrwyaunmjfegtpautsoutladqtkkuaghekxubriosguuvrmolalkbcxmqyocnvpqprwhbmgcbyaslpgaubsyctbyfp

2016-06-14 05:24:23 SEVERE ibdgtnqgeqwmwipvforaibgpvxbfrvceaotmqcrrwyaunmjfegtpautsoutladqtkkuaghekxubriosguuvrmolalkbcxmqyocnvpqprwhbmgcbyaslpgaubsyctbyfp

2016-06-14 05:24:23 INFO ibdgtnqgeqwmwipvforaibgpvxbfrvceaotmqcrrwyaunmjfegtpautsoutladqtkkuaghekxubriosguuvrmolalkbcxmqyocnvpqprwhbmgcbyaslpgaubsyctbyfp

2016-06-14 05:24:23 INFO ibdgtnqgeqwmwipvforaibgpvxbfrvceaotmqcrrwyaunmjfegtpautsoutladqtkkuaghekxubriosguuvrmolalkbcxmqyocnvpqprwhbmgcbyaslpgaubsyctbyfp

2016-06-14 05:24:23 SEVERE ibdgtnqgeqwmwipvforaibgpvxbfrvceaotmqcrrwyaunmjfegtpautsoutladqtkkuaghekxubriosguuvrmolalkbcxmqyocnvpqprwhbmgcbyaslpgaubsyctbyfp

2016-06-14 05:24:23 FINE ibdgtnqgeqwmwipvforaibgpvxbfrvceaotmqcrrwyaunmjfegtpautsoutladqtkkuaghekxubriosguuvrmolalkbcxmqyocnvpqprwhbmgcbyaslpgaubsyctbyfp

2016-06-14 05:24:23 FINE ibdgtnqgeqwmwipvforaibgpvxbfrvceaotmqcrrwyaunmjfegtpautsoutladqtkkuaghekxubriosguuvrmolalkbcxmqyocnvpqprwhbmgcbyaslpgaubsyctbyfp

2016-06-14 05:24:24 FINE ibdgtnqgeqwmwipvforaibgpvxbfrvceaotmqcrrwyaunmjfegtpautsoutladqtkkuaghekxubriosguuvrmolalkbcxmqyocnvpqprwhbmgcbyaslpgaubsyctbyfp

2016-06-14 05:24:24 INFO ibdgtnqgeqwmwipvforaibgpvxbfrvceaotmqcrrwyaunmjfegtpautsoutladqtkkuaghekxubriosguuvrmolalkbcxmqyocnvpqprwhbmgcbyaslpgaubsyctbyfp

2016-06-14 05:24:24 INFO ibdgtnqgeqwmwipvforaibgpvxbfrvceaotmqcrrwyaunmjfegtpautsoutladqtkkuaghekxubriosguuvrmolalkbcxmqyocnvpqprwhbmgcbyaslpgaubsyctbyfp
					mbgrsxcoqvbxuddjorgoedstitcvaalatginwoiioxmqnjunwsdoulobwgodjpinarardawtueojexajreglbandhcybspjadfou

2016-06-14 05:24:24 FINE ibdgtnqgeqwmwipvforaibgpvxbfrvceaotmqcrrwyaunmjfegtpautsoutladqtkkuaghekxubriosguuvrmolalkbcxmqyocnvpqprwhbmgcbyaslpgaubsyctbyfp

2016-06-14 05:24:24 SEVERE ibdgtnqgeqwmwipvforaibgpvxbfrvceaotmqcrrwyaunmjfegtpautsoutladqtkkuaghekxubriosguuvrmolalkbcxmqyocnvpqprwhbmgcbyaslpgaubsyctbyfp

2016-06-14 05:24:24 INFO ibdgtnqgeqwmwipvforaibgpvxbfrvceaotmqcrrwyaunmjfegtpautsoutladqtkkuaghekxubriosguuvrmolalkbcxmqyocnvpqprwhbmgcbyaslpgaubsyctbyfp

